<?xml version="1.0" encoding="UTF-8"?>
<!-- Generated by org.testng.reporters.JUnitXMLReporter -->
<testsuite ignored="0" hostname="DESKTOP-NSGLRTF" failures="2" tests="2" name="Feature Tests" time="4.986" errors="0" timestamp="2025-06-26T16:09:06 EDT">
  <testcase classname="tests.Selenium4FeaturesDemo" name="testElementScreenshot" time="0.083">
    <failure type="java.lang.NullPointerException" message="Cannot invoke &amp;quot;org.openqa.selenium.WebDriver.get(String)&amp;quot; because &amp;quot;this.driver&amp;quot; is null">
      <![CDATA[java.lang.NullPointerException: Cannot invoke "org.openqa.selenium.WebDriver.get(String)" because "this.driver" is null
at tests.Selenium4FeaturesDemo.testElementScreenshot(Selenium4FeaturesDemo.java:43)
at java.base/java.util.ArrayList.forEach(ArrayList.java:1511)
... Removed 27 stack frames]]>
    </failure>
  </testcase> <!-- testElementScreenshot -->
  <testcase classname="tests.Selenium4FeaturesDemo" name="testRelativeLocator" time="0.007">
    <failure type="java.lang.NullPointerException" message="Cannot invoke &amp;quot;org.openqa.selenium.WebDriver.get(String)&amp;quot; because &amp;quot;this.driver&amp;quot; is null">
      <![CDATA[java.lang.NullPointerException: Cannot invoke "org.openqa.selenium.WebDriver.get(String)" because "this.driver" is null
at tests.Selenium4FeaturesDemo.testRelativeLocator(Selenium4FeaturesDemo.java:32)
at java.base/java.util.ArrayList.forEach(ArrayList.java:1511)
... Removed 27 stack frames]]>
    </failure>
  </testcase> <!-- testRelativeLocator -->
</testsuite> <!-- Feature Tests -->
