<?xml version="1.0" encoding="UTF-8"?>
<testsuite xmlns:xsi="http://www.w3.org/2001/XMLSchema-instance" xsi:noNamespaceSchemaLocation="https://maven.apache.org/surefire/maven-surefire-plugin/xsd/surefire-test-report.xsd" version="3.0.1" name="TestSuite" time="71.89" tests="3" errors="0" skipped="0" failures="1">
  <properties>
[...]
</properties>
  <testcase name="runScenario[&quot;Search experience for  product search in both home page and offers page&quot;, &quot;Optional[Search and place the order for]&quot;](1)" classname="CucumberRunner.TestNGRunner" time="56.014">
    <system-out><![CDATA[
@OffersPage
Scenario Outline: Search experience for  product search in both home page and offers page # src/test/java/features/searchProduct.feature:12

@OffersPage
Scenario Outline: Search experience for  product search in both home page and offers page # src/test/java/features/searchProduct.feature:11

@PlaceOrder
Scenario Outline: Search experience for  product search in both home page and offers page # src/test/java/features/checkout.feature:13
  Given User is on GreenCart Landing page                                                 # stepDefinitions.landingPage.user_is_on_GreenCart_Landing_page()
  Given User is on GreenCart Landing page                                                 # stepDefinitions.landingPage.user_is_on_GreenCart_Landing_page()
  Given User is on GreenCart Landing page                                                 # stepDefinitions.landingPage.user_is_on_GreenCart_Landing_page()
Product name is extacted from home page null
  When User searched with shortname Tom and extracted actual name of product              # stepDefinitions.landingPage.user_searched_with_short_name_and_extracted_actual_name_of_product(java.lang.String)
Product name is extacted from home page null
  When User searched with shortname Beet and extracted actual name of product             # stepDefinitions.landingPage.user_searched_with_short_name_and_extracted_actual_name_of_product(java.lang.String)
Product name is extacted from home page null
  When User searched with shortname Tom and extracted actual name of product              # stepDefinitions.landingPage.user_searched_with_short_name_and_extracted_actual_name_of_product(java.lang.String)
Product name extracted from offer page Tomato
  Then User searched for Tom shortname in offers page to check if product exists          # stepDefinitions.offerPage.user_searched_for_short_name_in_offers_page_to_check_if_product_exists(java.lang.String)
  And Added "3" items of selected product to the cart                                     # stepDefinitions.landingPage.add_Items_To_The_Cart(java.lang.String)
  Then User proceeds to checkout page and vaidate the Tom items in checkout page          # stepDefinitions.CheckoutPage.user_proceeds_to_checkout_page_and_vaidate_the_Tom_items_in_checkout_page(java.lang.String)
  And User has ability to enter promo code and checkout product                           # stepDefinitions.CheckoutPage.user_has_ability_to_enter_promo_code_and_checkout_product()
]]></system-out>
    <system-err><![CDATA[Feb 12, 2026 11:31:47 AM org.openqa.selenium.devtools.CdpVersionFinder findNearestMatch
WARNING: Unable to find CDP implementation matching 144
Feb 12, 2026 11:31:47 AM org.openqa.selenium.devtools.CdpVersionFinder findNearestMatch
WARNING: Unable to find CDP implementation matching 144
Feb 12, 2026 11:31:47 AM org.openqa.selenium.devtools.CdpVersionFinder findNearestMatch
WARNING: Unable to find CDP implementation matching 144
Feb 12, 2026 11:31:47 AM org.openqa.selenium.chromium.ChromiumDriver lambda$new$5
WARNING: Unable to find version of CDP to use for 144.0.7559.133. You may need to include a dependency on a specific version of the CDP using something similar to `org.seleniumhq.selenium:selenium-devtools-v86:4.26.0` where the version ("v86") matches the version of the chromium-based browser you're using and the version number of the artifact is the same as Selenium's.
Feb 12, 2026 11:31:47 AM org.openqa.selenium.chromium.ChromiumDriver lambda$new$5
WARNING: Unable to find version of CDP to use for 144.0.7559.133. You may need to include a dependency on a specific version of the CDP using something similar to `org.seleniumhq.selenium:selenium-devtools-v86:4.26.0` where the version ("v86") matches the version of the chromium-based browser you're using and the version number of the artifact is the same as Selenium's.
Feb 12, 2026 11:31:47 AM org.openqa.selenium.chromium.ChromiumDriver lambda$new$5
WARNING: Unable to find version of CDP to use for 144.0.7559.133. You may need to include a dependency on a specific version of the CDP using something similar to `org.seleniumhq.selenium:selenium-devtools-v86:4.26.0` where the version ("v86") matches the version of the chromium-based browser you're using and the version number of the artifact is the same as Selenium's.
]]></system-err>
  </testcase>
  <testcase name="runScenario[&quot;Search experience for  product search in both home page and offers page&quot;, &quot;Optional[Search and place the order for Products]&quot;](2)" classname="CucumberRunner.TestNGRunner" time="56.053"/>
  <testcase name="runScenario[&quot;Search experience for  product search in both home page and offers page&quot;, &quot;Optional[Search and place the order for]&quot;](3)" classname="CucumberRunner.TestNGRunner" time="67.199">
    <failure message="no such element: Unable to locate element: {&quot;method&quot;:&quot;xpath&quot;,&quot;selector&quot;:&quot;//tr//td[text()=&apos;Tomato&apos;]&quot;}&#10;  (Session info: chrome=144.0.7559.133)&#10;For documentation on this error, please visit: https://www.selenium.dev/documentation/webdriver/troubleshooting/errors#no-such-element-exception&#10;Build info: version: &apos;4.26.0&apos;, revision: &apos;8ccf0219d7&apos;&#10;System info: os.name: &apos;Windows 10&apos;, os.arch: &apos;amd64&apos;, os.version: &apos;10.0&apos;, java.version: &apos;17&apos;&#10;Driver info: org.openqa.selenium.chrome.ChromeDriver&#10;Command: [ea830cc3436a4c43c4b5fe57b1ab8b69, findElement {using=xpath, value=//tr//td[text()=&apos;Tomato&apos;]}]&#10;Capabilities {acceptInsecureCerts: false, browserName: chrome, browserVersion: 144.0.7559.133, chrome: {chromedriverVersion: 144.0.7559.133 (7da823b1d59..., userDataDir: C:\Users\NISHIT~1\AppData\L...}, fedcm:accounts: true, goog:chromeOptions: {debuggerAddress: localhost:61092}, goog:processID: 29844, networkConnectionEnabled: false, pageLoadStrategy: normal, platformName: windows, proxy: Proxy(), se:cdp: ws://localhost:61092/devtoo..., se:cdpVersion: 144.0.7559.133, setWindowRect: true, strictFileInteractability: false, timeouts: {implicit: 0, pageLoad: 300000, script: 30000}, unhandledPromptBehavior: dismiss and notify, webauthn:extension:credBlob: true, webauthn:extension:largeBlob: true, webauthn:extension:minPinLength: true, webauthn:extension:prf: true, webauthn:virtualAuthenticators: true}&#10;Session ID: ea830cc3436a4c43c4b5fe57b1ab8b69" type="org.openqa.selenium.NoSuchElementException"><![CDATA[org.openqa.selenium.NoSuchElementException: 
no such element: Unable to locate element: {"method":"xpath","selector":"//tr//td[text()='Tomato']"}
  (Session info: chrome=144.0.7559.133)
For documentation on this error, please visit: https://www.selenium.dev/documentation/webdriver/troubleshooting/errors#no-such-element-exception
Build info: version: '4.26.0', revision: '8ccf0219d7'
System info: os.name: 'Windows 10', os.arch: 'amd64', os.version: '10.0', java.version: '17'
Driver info: org.openqa.selenium.chrome.ChromeDriver
Command: [ea830cc3436a4c43c4b5fe57b1ab8b69, findElement {using=xpath, value=//tr//td[text()='Tomato']}]
Capabilities {acceptInsecureCerts: false, browserName: chrome, browserVersion: 144.0.7559.133, chrome: {chromedriverVersion: 144.0.7559.133 (7da823b1d59..., userDataDir: C:\Users\NISHIT~1\AppData\L...}, fedcm:accounts: true, goog:chromeOptions: {debuggerAddress: localhost:61092}, goog:processID: 29844, networkConnectionEnabled: false, pageLoadStrategy: normal, platformName: windows, proxy: Proxy(), se:cdp: ws://localhost:61092/devtoo..., se:cdpVersion: 144.0.7559.133, setWindowRect: true, strictFileInteractability: false, timeouts: {implicit: 0, pageLoad: 300000, script: 30000}, unhandledPromptBehavior: dismiss and notify, webauthn:extension:credBlob: true, webauthn:extension:largeBlob: true, webauthn:extension:minPinLength: true, webauthn:extension:prf: true, webauthn:virtualAuthenticators: true}
Session ID: ea830cc3436a4c43c4b5fe57b1ab8b69
	at java.base/jdk.internal.reflect.NativeConstructorAccessorImpl.newInstance0(Native Method)
	at java.base/jdk.internal.reflect.NativeConstructorAccessorImpl.newInstance(NativeConstructorAccessorImpl.java:77)
	at java.base/jdk.internal.reflect.DelegatingConstructorAccessorImpl.newInstance(DelegatingConstructorAccessorImpl.java:45)
	at java.base/java.lang.reflect.Constructor.newInstanceWithCaller(Constructor.java:499)
	at java.base/java.lang.reflect.Constructor.newInstance(Constructor.java:480)
	at org.openqa.selenium.remote.ErrorCodec.decode(ErrorCodec.java:167)
	at org.openqa.selenium.remote.codec.w3c.W3CHttpResponseCodec.decode(W3CHttpResponseCodec.java:138)
	at org.openqa.selenium.remote.codec.w3c.W3CHttpResponseCodec.decode(W3CHttpResponseCodec.java:50)
	at org.openqa.selenium.remote.HttpCommandExecutor.execute(HttpCommandExecutor.java:190)
	at org.openqa.selenium.remote.service.DriverCommandExecutor.invokeExecute(DriverCommandExecutor.java:216)
	at org.openqa.selenium.remote.service.DriverCommandExecutor.execute(DriverCommandExecutor.java:174)
	at org.openqa.selenium.remote.RemoteWebDriver.execute(RemoteWebDriver.java:545)
	at org.openqa.selenium.remote.ElementLocation$ElementFinder$2.findElement(ElementLocation.java:165)
	at org.openqa.selenium.remote.ElementLocation.findElement(ElementLocation.java:59)
	at org.openqa.selenium.remote.RemoteWebDriver.findElement(RemoteWebDriver.java:368)
	at org.openqa.selenium.remote.RemoteWebDriver.findElement(RemoteWebDriver.java:362)
	at PageObjects.OffersPagePOM.getProductName(OffersPagePOM.java:24)
	at stepDefinitions.offerPage.user_searched_for_short_name_in_offers_page_to_check_if_product_exists(offerPage.java:30)
	at ✽.User searched for Beet shortname in offers page to check if product exists(file:///C:/Users/Nishita%20Jannat%20Alam/Desktop/UpdatedWorkspace/CucumberBDDFramework/src/test/java/features/searchProduct.feature:7)
]]></failure>
    <system-out><![CDATA[  Then User searched for Beet shortname in offers page to check if product exists         # stepDefinitions.offerPage.user_searched_for_short_name_in_offers_page_to_check_if_product_exists(java.lang.String)
      org.openqa.selenium.NoSuchElementException: no such element: Unable to locate element: {"method":"xpath","selector":"//tr//td[text()='Tomato']"}
  (Session info: chrome=144.0.7559.133)
For documentation on this error, please visit: https://www.selenium.dev/documentation/webdriver/troubleshooting/errors#no-such-element-exception
Build info: version: '4.26.0', revision: '8ccf0219d7'
System info: os.name: 'Windows 10', os.arch: 'amd64', os.version: '10.0', java.version: '17'
Driver info: org.openqa.selenium.chrome.ChromeDriver
Command: [ea830cc3436a4c43c4b5fe57b1ab8b69, findElement {using=xpath, value=//tr//td[text()='Tomato']}]
Capabilities {acceptInsecureCerts: false, browserName: chrome, browserVersion: 144.0.7559.133, chrome: {chromedriverVersion: 144.0.7559.133 (7da823b1d59..., userDataDir: C:\Users\NISHIT~1\AppData\L...}, fedcm:accounts: true, goog:chromeOptions: {debuggerAddress: localhost:61092}, goog:processID: 29844, networkConnectionEnabled: false, pageLoadStrategy: normal, platformName: windows, proxy: Proxy(), se:cdp: ws://localhost:61092/devtoo..., se:cdpVersion: 144.0.7559.133, setWindowRect: true, strictFileInteractability: false, timeouts: {implicit: 0, pageLoad: 300000, script: 30000}, unhandledPromptBehavior: dismiss and notify, webauthn:extension:credBlob: true, webauthn:extension:largeBlob: true, webauthn:extension:minPinLength: true, webauthn:extension:prf: true, webauthn:virtualAuthenticators: true}
Session ID: ea830cc3436a4c43c4b5fe57b1ab8b69
	at java.base/jdk.internal.reflect.NativeConstructorAccessorImpl.newInstance0(Native Method)
	at java.base/jdk.internal.reflect.NativeConstructorAccessorImpl.newInstance(NativeConstructorAccessorImpl.java:77)
	at java.base/jdk.internal.reflect.DelegatingConstructorAccessorImpl.newInstance(DelegatingConstructorAccessorImpl.java:45)
	at java.base/java.lang.reflect.Constructor.newInstanceWithCaller(Constructor.java:499)
	at java.base/java.lang.reflect.Constructor.newInstance(Constructor.java:480)
	at org.openqa.selenium.remote.ErrorCodec.decode(ErrorCodec.java:167)
	at org.openqa.selenium.remote.codec.w3c.W3CHttpResponseCodec.decode(W3CHttpResponseCodec.java:138)
	at org.openqa.selenium.remote.codec.w3c.W3CHttpResponseCodec.decode(W3CHttpResponseCodec.java:50)
	at org.openqa.selenium.remote.HttpCommandExecutor.execute(HttpCommandExecutor.java:190)
	at org.openqa.selenium.remote.service.DriverCommandExecutor.invokeExecute(DriverCommandExecutor.java:216)
	at org.openqa.selenium.remote.service.DriverCommandExecutor.execute(DriverCommandExecutor.java:174)
	at org.openqa.selenium.remote.RemoteWebDriver.execute(RemoteWebDriver.java:545)
	at org.openqa.selenium.remote.ElementLocation$ElementFinder$2.findElement(ElementLocation.java:165)
	at org.openqa.selenium.remote.ElementLocation.findElement(ElementLocation.java:59)
	at org.openqa.selenium.remote.RemoteWebDriver.findElement(RemoteWebDriver.java:368)
	at org.openqa.selenium.remote.RemoteWebDriver.findElement(RemoteWebDriver.java:362)
	at PageObjects.OffersPagePOM.getProductName(OffersPagePOM.java:24)
	at stepDefinitions.offerPage.user_searched_for_short_name_in_offers_page_to_check_if_product_exists(offerPage.java:30)
	at âœ½.User searched for Beet shortname in offers page to check if product exists(file:///C:/Users/Nishita%20Jannat%20Alam/Desktop/UpdatedWorkspace/CucumberBDDFramework/src/test/java/features/searchProduct.feature:7)


    Embedding image [image/png 56305 bytes]

]]></system-out>
  </testcase>
</testsuite>