<?xml version="1.0" encoding="UTF-8"?>
<testng-results ignored="0" total="8" passed="6" failed="2" skipped="0">
  <reporter-output>
  </reporter-output>
  <suite started-at="2025-05-08T21:31:59 EDT" name="Suite" finished-at="2025-05-08T21:33:07 EDT" duration-ms="67598">
    <groups>
      <group name="cucumber">
        <method signature="AbstractTestNGCucumberTests.runScenario(io.cucumber.testng.PickleWrapper, io.cucumber.testng.FeatureWrapper)[pri:0, instance:com.osa.runner.RegressionQA@3bf9ce3e]" name="runScenario" class="io.cucumber.testng.AbstractTestNGCucumberTests"/>
      </group> <!-- cucumber -->
    </groups>
    <test started-at="2025-05-08T21:31:59 EDT" name="Test" finished-at="2025-05-08T21:33:07 EDT" duration-ms="67598">
      <class name="com.osa.runner.RegressionQA">
        <test-method is-config="true" signature="beforeSuite()[pri:0, instance:com.osa.runner.RegressionQA@3bf9ce3e]" started-at="2025-05-08T21:31:59 EDT" name="beforeSuite" finished-at="2025-05-08T21:31:59 EDT" duration-ms="19" status="PASS">
          <reporter-output>
          </reporter-output>
        </test-method> <!-- beforeSuite -->
        <test-method is-config="true" signature="setUpClass()[pri:0, instance:com.osa.runner.RegressionQA@3bf9ce3e]" started-at="2025-05-08T21:31:59 EDT" name="setUpClass" finished-at="2025-05-08T21:32:00 EDT" duration-ms="513" status="PASS">
          <reporter-output>
          </reporter-output>
        </test-method> <!-- setUpClass -->
        <test-method signature="runScenario(io.cucumber.testng.PickleWrapper, io.cucumber.testng.FeatureWrapper)[pri:0, instance:com.osa.runner.RegressionQA@3bf9ce3e]" started-at="2025-05-08T21:32:00 EDT" name="runScenario" description="Runs Cucumber Scenarios" data-provider="scenarios" finished-at="2025-05-08T21:32:05 EDT" duration-ms="5147" status="FAIL">
          <params>
            <param index="0">
              <value>
                <![CDATA["Verify forum page title"]]>
              </value>
            </param>
            <param index="1">
              <value>
                <![CDATA["OSA forum testing"]]>
              </value>
            </param>
          </params>
          <exception class="java.lang.NullPointerException">
            <message>
              <![CDATA[Cannot invoke "com.osa.pages.ForumPage.clickOnLoginButton()" because "this.fp" is null]]>
            </message>
            <full-stacktrace>
              <![CDATA[java.lang.NullPointerException: Cannot invoke "com.osa.pages.ForumPage.clickOnLoginButton()" because "this.fp" is null
at com.osa.steps.FoumLogin.i_click_on_Forum_Page(FoumLogin.java:100)
at ✽.I click on Forum Page(file:///C:/Users/Nishita%20Jannat%20Alam/Desktop/NewWorkspace/BDD_Cucumber/src/main/java/com/osa/features/ForumLogin.feature:7)
]]>
            </full-stacktrace>
          </exception> <!-- java.lang.NullPointerException -->
          <reporter-output>
          </reporter-output>
        </test-method> <!-- runScenario -->
        <test-method signature="runScenario(io.cucumber.testng.PickleWrapper, io.cucumber.testng.FeatureWrapper)[pri:0, instance:com.osa.runner.RegressionQA@3bf9ce3e]" started-at="2025-05-08T21:32:05 EDT" name="runScenario" description="Runs Cucumber Scenarios" data-provider="scenarios" finished-at="2025-05-08T21:32:14 EDT" duration-ms="8756" status="PASS">
          <params>
            <param index="0">
              <value>
                <![CDATA["Verify forum login is working or not"]]>
              </value>
            </param>
            <param index="1">
              <value>
                <![CDATA["OSA forum testing"]]>
              </value>
            </param>
          </params>
          <reporter-output>
          </reporter-output>
        </test-method> <!-- runScenario -->
        <test-method signature="runScenario(io.cucumber.testng.PickleWrapper, io.cucumber.testng.FeatureWrapper)[pri:0, instance:com.osa.runner.RegressionQA@3bf9ce3e]" started-at="2025-05-08T21:32:14 EDT" name="runScenario" description="Runs Cucumber Scenarios" data-provider="scenarios" finished-at="2025-05-08T21:32:23 EDT" duration-ms="9042" status="PASS">
          <params>
            <param index="0">
              <value>
                <![CDATA["Verify forum login is working or not"]]>
              </value>
            </param>
            <param index="1">
              <value>
                <![CDATA["OSA forum testing"]]>
              </value>
            </param>
          </params>
          <reporter-output>
          </reporter-output>
        </test-method> <!-- runScenario -->
        <test-method signature="runScenario(io.cucumber.testng.PickleWrapper, io.cucumber.testng.FeatureWrapper)[pri:0, instance:com.osa.runner.RegressionQA@3bf9ce3e]" started-at="2025-05-08T21:32:23 EDT" name="runScenario" description="Runs Cucumber Scenarios" data-provider="scenarios" finished-at="2025-05-08T21:32:30 EDT" duration-ms="7430" status="PASS">
          <params>
            <param index="0">
              <value>
                <![CDATA["Verify home page title"]]>
              </value>
            </param>
            <param index="1">
              <value>
                <![CDATA["Home Page feature"]]>
              </value>
            </param>
          </params>
          <reporter-output>
          </reporter-output>
        </test-method> <!-- runScenario -->
        <test-method signature="runScenario(io.cucumber.testng.PickleWrapper, io.cucumber.testng.FeatureWrapper)[pri:0, instance:com.osa.runner.RegressionQA@3bf9ce3e]" started-at="2025-05-08T21:32:30 EDT" name="runScenario" description="Runs Cucumber Scenarios" data-provider="scenarios" finished-at="2025-05-08T21:32:34 EDT" duration-ms="3340" status="FAIL">
          <params>
            <param index="0">
              <value>
                <![CDATA[""]]>
              </value>
            </param>
            <param index="1">
              <value>
                <![CDATA["Verify the title of the service page"]]>
              </value>
            </param>
          </params>
          <exception class="java.lang.NullPointerException">
            <message>
              <![CDATA[Cannot invoke "com.osa.pages.ServicePage.clickOnServicesButton()" because "this.sep" is null]]>
            </message>
            <full-stacktrace>
              <![CDATA[java.lang.NullPointerException: Cannot invoke "com.osa.pages.ServicePage.clickOnServicesButton()" because "this.sep" is null
at com.osa.steps.FoumLogin.user_clicks_on_service_button(FoumLogin.java:38)
at ✽.user clicks on service button(file:///C:/Users/Nishita%20Jannat%20Alam/Desktop/NewWorkspace/BDD_Cucumber/src/main/java/com/osa/features/Service.feature:5)
]]>
            </full-stacktrace>
          </exception> <!-- java.lang.NullPointerException -->
          <reporter-output>
          </reporter-output>
        </test-method> <!-- runScenario -->
        <test-method signature="runScenario(io.cucumber.testng.PickleWrapper, io.cucumber.testng.FeatureWrapper)[pri:0, instance:com.osa.runner.RegressionQA@3bf9ce3e]" started-at="2025-05-08T21:32:34 EDT" name="runScenario" description="Runs Cucumber Scenarios" data-provider="scenarios" finished-at="2025-05-08T21:32:44 EDT" duration-ms="10340" status="PASS">
          <params>
            <param index="0">
              <value>
                <![CDATA["Verify forum login is working or not"]]>
              </value>
            </param>
            <param index="1">
              <value>
                <![CDATA["OSA forum login validation"]]>
              </value>
            </param>
          </params>
          <reporter-output>
          </reporter-output>
        </test-method> <!-- runScenario -->
        <test-method signature="runScenario(io.cucumber.testng.PickleWrapper, io.cucumber.testng.FeatureWrapper)[pri:0, instance:com.osa.runner.RegressionQA@3bf9ce3e]" started-at="2025-05-08T21:32:44 EDT" name="runScenario" description="Runs Cucumber Scenarios" data-provider="scenarios" finished-at="2025-05-08T21:32:53 EDT" duration-ms="9415" status="PASS">
          <params>
            <param index="0">
              <value>
                <![CDATA["Verify forum login is working or not"]]>
              </value>
            </param>
            <param index="1">
              <value>
                <![CDATA["OSA forum login validation"]]>
              </value>
            </param>
          </params>
          <reporter-output>
          </reporter-output>
        </test-method> <!-- runScenario -->
        <test-method signature="runScenario(io.cucumber.testng.PickleWrapper, io.cucumber.testng.FeatureWrapper)[pri:0, instance:com.osa.runner.RegressionQA@3bf9ce3e]" started-at="2025-05-08T21:32:53 EDT" name="runScenario" description="Runs Cucumber Scenarios" data-provider="scenarios" finished-at="2025-05-08T21:33:03 EDT" duration-ms="9718" status="PASS">
          <params>
            <param index="0">
              <value>
                <![CDATA["Verify forum login is working or not"]]>
              </value>
            </param>
            <param index="1">
              <value>
                <![CDATA["OSA forum login validation"]]>
              </value>
            </param>
          </params>
          <reporter-output>
          </reporter-output>
        </test-method> <!-- runScenario -->
        <test-method is-config="true" signature="tearDownClass()[pri:0, instance:com.osa.runner.RegressionQA@3bf9ce3e]" started-at="2025-05-08T21:33:03 EDT" name="tearDownClass" finished-at="2025-05-08T21:33:07 EDT" duration-ms="3814" status="PASS">
          <reporter-output>
          </reporter-output>
        </test-method> <!-- tearDownClass -->
        <test-method is-config="true" signature="afterSuite()[pri:0, instance:com.osa.runner.RegressionQA@3bf9ce3e]" started-at="2025-05-08T21:33:07 EDT" name="afterSuite" finished-at="2025-05-08T21:33:07 EDT" duration-ms="0" status="PASS">
          <reporter-output>
          </reporter-output>
        </test-method> <!-- afterSuite -->
      </class> <!-- com.osa.runner.RegressionQA -->
    </test> <!-- Test -->
  </suite> <!-- Suite -->
</testng-results>
